============================= test session starts ==============================
platform darwin -- Python 3.14.2, pytest-9.0.2, pluggy-1.6.0 -- python3
cachedir: .pytest_cache
rootdir: <repo>
configfile: pyproject.toml
plugins: anyio-4.12.1
collecting ... collected 107 items

tests/test_adapter.py::test_adapter_implements_protocol PASSED           [  0%]
tests/test_adapter.py::test_get_courses PASSED                           [  1%]
tests/test_adapter.py::test_get_courses_with_filter PASSED               [  2%]
tests/test_adapter.py::test_get_courses_caches PASSED                    [  3%]
tests/test_adapter.py::test_get_unsubmitted_assignments PASSED           [  4%]
tests/test_adapter.py::test_get_due_items PASSED                         [  5%]
tests/test_adapter.py::test_get_missing_submissions PASSED               [  6%]
tests/test_cli.py::test_main_no_canvas_url PASSED                        [  7%]
tests/test_cli.py::test_main_no_token PASSED                             [  8%]
tests/test_cli.py::test_run_pull_success PASSED                          [  9%]
tests/test_cli.py::test_run_pull_json_output PASSED                      [ 10%]
tests/test_cli.py::test_repair_no_ledger PASSED                          [ 11%]
tests/test_cli.py::test_repair_requires_prior_snapshot PASSED            [ 12%]
tests/test_cli.py::test_repair_uses_latest_prior_snapshot PASSED         [ 13%]
tests/test_cli.py::test_run_demo_writes_artifacts_and_report PASSED      [ 14%]
tests/test_cli.py::test_run_demo_includes_deadline_and_became_missing_examples PASSED [ 14%]
tests/test_cli.py::test_run_report_writes_html PASSED                    [ 15%]
tests/test_cli.py::test_open_flag_noop_without_flag PASSED        [ 16%]
tests/test_cli.py::test_run_demo_open_flag_calls_browser PASSED          [ 17%]
tests/test_cli.py::test_run_report_open_flag_calls_browser PASSED        [ 18%]
tests/test_cli.py::test_main_report_requires_html PASSED                 [ 19%]
tests/test_cli.py::test_fail_on_high_exits_2 PASSED               [ 20%]
tests/test_cli_ux.py::test_pull_env_overrides_config PASSED       [ 21%]
tests/test_cli_ux.py::test_pull_without_config_still_works PASSED [ 22%]
tests/test_cli_ux.py::test_doctor_exit_code_all_clear PASSED             [ 23%]
tests/test_cli_ux.py::test_doctor_exit_code_warnings_only PASSED         [ 24%]
tests/test_cli_ux.py::test_doctor_exit_code_blocking_failure PASSED      [ 25%]
tests/test_cli_ux.py::test_doctor_flags_missing_token PASSED      [ 26%]
tests/test_cli_ux.py::test_doctor_default_stays_local PASSED             [ 27%]
tests/test_cli_ux.py::test_doctor_reports_invalid_artifacts PASSED [ 28%]
tests/test_cli_ux.py::test_redact_removes_real_names_and_source_keys PASSED [ 28%]
tests/test_cli_ux.py::test_redact_output_validates PASSED         [ 29%]
tests/test_cli_ux.py::test_redact_is_deterministic PASSED         [ 30%]
tests/test_cli_ux.py::test_redact_bundle_includes_report_html PASSED [ 31%]
tests/test_config.py::test_init_creates_private_config PASSED     [ 32%]
tests/test_config.py::test_init_does_not_echo_token PASSED        [ 33%]
tests/test_config.py::test_init_fails_without_tty PASSED          [ 34%]
tests/test_config.py::test_init_warns_when_posix_permissions_unavailable PASSED [ 35%]
tests/test_config.py::test_load_config_round_trip PASSED                 [ 36%]
tests/test_delta.py::test_build_delta_new_items PASSED                   [ 37%]
tests/test_delta.py::test_build_delta_cleared PASSED                     [ 38%]
tests/test_delta.py::test_build_delta_became_missing PASSED              [ 39%]
tests/test_delta.py::test_build_delta_de_escalated PASSED                [ 40%]
tests/test_delta.py::test_build_delta_matches_previous_entry_after_identity_upgrade PASSED [ 41%]
tests/test_delta.py::test_build_delta_unchanged_active PASSED            [ 42%]
tests/test_delta.py::test_render_delta_markdown PASSED                   [ 42%]
tests/test_delta.py::test_deadline_move_detected PASSED           [ 43%]
tests/test_delta.py::test_became_missing_classified_correctly PASSED [ 44%]
tests/test_golden.py::test_golden_001_first_run PASSED                   [ 45%]
tests/test_golden.py::test_golden_002_escalation_and_deadline PASSED     [ 46%]
tests/test_golden.py::test_golden_003_repair_from_history PASSED         [ 47%]
tests/test_golden.py::test_golden_fixture_deterministic PASSED    [ 48%]
tests/test_ledger.py::test_load_existing_ledger_empty PASSED             [ 49%]
tests/test_ledger.py::test_load_existing_ledger_valid PASSED             [ 50%]
tests/test_ledger.py::test_load_existing_ledger_bad_json PASSED          [ 51%]
tests/test_ledger.py::test_merge_current_observation_new PASSED          [ 52%]
tests/test_ledger.py::test_merge_current_observation_promotes_source_key_identity PASSED [ 53%]
tests/test_ledger.py::test_merge_current_observation_higher_priority_wins PASSED [ 54%]
tests/test_ledger.py::test_merge_current_observation_lower_priority_no_overwrite PASSED [ 55%]
tests/test_ledger.py::test_sort_ledger_active_before_inactive PASSED     [ 56%]
tests/test_ledger.py::test_build_ledger_new_items PASSED                 [ 57%]
tests/test_ledger.py::test_build_ledger_carries_forward PASSED           [ 57%]
tests/test_ledger.py::test_build_ledger_matches_legacy_entry_when_source_key_arrives PASSED [ 58%]
tests/test_ledger.py::test_resolve_repair_pulled_ts_from_file PASSED     [ 59%]
tests/test_ledger.py::test_resolve_repair_pulled_ts_from_ledger PASSED   [ 60%]
tests/test_packaging.py::test_package_resources_include_demo_bundle PASSED [ 61%]
tests/test_packaging.py::test_package_resources_include_schemas PASSED   [ 62%]
tests/test_renderers.py::test_renderer_split_preserves_output PASSED [ 63%]
tests/test_renderers.py::test_renderer_html_imports_preserve_output PASSED [ 64%]
tests/test_report.py::test_load_report_context PASSED                    [ 65%]
tests/test_report.py::test_render_report_html_contains_core_sections PASSED [ 66%]
tests/test_risk.py::test_score_course_risk_high PASSED                   [ 67%]
tests/test_risk.py::test_score_course_risk_medium PASSED                 [ 68%]
tests/test_risk.py::test_score_course_risk_low PASSED                    [ 69%]
tests/test_risk.py::test_score_course_risk_none PASSED                   [ 70%]
tests/test_risk.py::test_score_missing_risk_empty PASSED                 [ 71%]
tests/test_risk.py::test_score_missing_risk_stale PASSED                 [ 71%]
tests/test_risk.py::test_score_missing_risk_one_stale PASSED             [ 72%]
tests/test_risk.py::test_score_missing_risk_recent PASSED                [ 73%]
tests/test_risk.py::test_aggregate_risk_highest_wins PASSED              [ 74%]
tests/test_risk.py::test_aggregate_risk_empty PASSED                     [ 75%]
tests/test_risk.py::test_compute_overall_risk PASSED                     [ 76%]
tests/test_schedule.py::test_schedule_install_writes_launch_agent PASSED [ 77%]
tests/test_schedule.py::test_schedule_install_embeds_env_token_when_needed PASSED [ 78%]
tests/test_schedule.py::test_schedule_status_reports_installed PASSED [ 79%]
tests/test_schedule.py::test_schedule_remove_cleans_files PASSED  [ 80%]
tests/test_schedule.py::test_schedule_install_rejects_unsupported_platform PASSED [ 81%]
tests/test_schema_validation.py::test_golden_expected_outputs_validate PASSED [ 82%]
tests/test_schema_validation.py::test_demo_output_validates PASSED       [ 83%]
tests/test_types.py::test_parse_datetime_iso PASSED                      [ 84%]
tests/test_types.py::test_parse_datetime_none PASSED                     [ 85%]
tests/test_types.py::test_parse_datetime_invalid PASSED                  [ 85%]
tests/test_types.py::test_format_due_at PASSED                           [ 86%]
tests/test_types.py::test_format_due_date PASSED                         [ 87%]
tests/test_types.py::test_ledger_item_id_deterministic PASSED            [ 88%]
tests/test_types.py::test_ledger_item_id_case_insensitive PASSED         [ 89%]
tests/test_types.py::test_ledger_item_id_different_inputs PASSED         [ 90%]
tests/test_types.py::test_ledger_item_id_uses_source_key_when_available PASSED [ 91%]
tests/test_types.py::test_match_entry_falls_back_to_course_and_name PASSED [ 92%]
tests/test_types.py::test_course_info_frozen PASSED                      [ 93%]
tests/test_validate.py::test_artifact_missing_schema_version PASSED [ 94%]
tests/test_validate.py::test_artifact_missing_engine_version PASSED [ 95%]
tests/test_validate.py::test_validate_rejects_corrupt_ledger PASSED [ 96%]
tests/test_validate.py::test_validate_rejects_wrong_schema_version PASSED [ 97%]
tests/test_validate.py::test_verify_command_catches_invalid PASSED [ 98%]
tests/test_validate.py::test_invalid_artifacts_do_not_overwrite_last_good_artifacts PASSED [ 99%]
tests/test_validate.py::test_severity_label_rename_no_orphan_confidence PASSED [100%]

============================= 107 passed in 0.65s ==============================
